1737412337.278973 client started (15652): version 3.2a, socket /tmp/tmux-1000/default, protocol 8
1737412337.278989 on Linux 5.15.167.4-microsoft-standard-WSL2 #1 SMP Tue Nov 5 00:21:55 UTC 2024
1737412337.278992 using libevent 2.1.12-stable (poll); ncurses 6.3
1737412337.279000 flags are 0x10010000
1737412337.279002 socket is /tmp/tmux-1000/default
1737412337.279009 trying connect
1737412337.279053 add peer 0x55acda72c940: 6 ((nil))
1737412337.279174 sending message 100 to peer 0x55acda72c940 (4 bytes)
1737412337.279177 sending message 111 to peer 0x55acda72c940 (8 bytes)
1737412337.279179 sending message 101 to peer 0x55acda72c940 (7 bytes)
1737412337.279181 sending message 109 to peer 0x55acda72c940 (4 bytes)
1737412337.279183 sending message 102 to peer 0x55acda72c940 (11 bytes)
1737412337.279185 sending message 108 to peer 0x55acda72c940 (85 bytes)
1737412337.279187 sending message 112 to peer 0x55acda72c940 (70 bytes)
1737412337.279189 sending message 112 to peer 0x55acda72c940 (5 bytes)
1737412337.279191 sending message 112 to peer 0x55acda72c940 (5 bytes)
1737412337.279193 sending message 112 to peer 0x55acda72c940 (6 bytes)
1737412337.279195 sending message 112 to peer 0x55acda72c940 (6 bytes)
1737412337.279197 sending message 112 to peer 0x55acda72c940 (11 bytes)
1737412337.279199 sending message 112 to peer 0x55acda72c940 (10 bytes)
1737412337.279201 sending message 112 to peer 0x55acda72c940 (13 bytes)
1737412337.279203 sending message 112 to peer 0x55acda72c940 (13 bytes)
1737412337.279205 sending message 112 to peer 0x55acda72c940 (18 bytes)
1737412337.279207 sending message 112 to peer 0x55acda72c940 (9 bytes)
1737412337.279209 sending message 112 to peer 0x55acda72c940 (21 bytes)
1737412337.279211 sending message 112 to peer 0x55acda72c940 (13 bytes)
1737412337.279213 sending message 112 to peer 0x55acda72c940 (7 bytes)
1737412337.279215 sending message 112 to peer 0x55acda72c940 (13 bytes)
1737412337.279217 sending message 112 to peer 0x55acda72c940 (7 bytes)
1737412337.279219 sending message 112 to peer 0x55acda72c940 (13 bytes)
1737412337.279221 sending message 112 to peer 0x55acda72c940 (9 bytes)
1737412337.279223 sending message 112 to peer 0x55acda72c940 (21 bytes)
1737412337.279225 sending message 112 to peer 0x55acda72c940 (13 bytes)
1737412337.279227 sending message 112 to peer 0x55acda72c940 (8 bytes)
1737412337.279229 sending message 112 to peer 0x55acda72c940 (12 bytes)
1737412337.279231 sending message 112 to peer 0x55acda72c940 (13 bytes)
1737412337.279233 sending message 112 to peer 0x55acda72c940 (9 bytes)
1737412337.279235 sending message 112 to peer 0x55acda72c940 (9 bytes)
1737412337.279237 sending message 112 to peer 0x55acda72c940 (12 bytes)
1737412337.279239 sending message 112 to peer 0x55acda72c940 (8 bytes)
1737412337.279240 sending message 112 to peer 0x55acda72c940 (7 bytes)
1737412337.279242 sending message 112 to peer 0x55acda72c940 (7 bytes)
1737412337.279244 sending message 112 to peer 0x55acda72c940 (9 bytes)
1737412337.279246 sending message 112 to peer 0x55acda72c940 (13 bytes)
1737412337.279248 sending message 112 to peer 0x55acda72c940 (9 bytes)
1737412337.279250 sending message 112 to peer 0x55acda72c940 (15 bytes)
1737412337.279252 sending message 112 to peer 0x55acda72c940 (13 bytes)
1737412337.279254 sending message 112 to peer 0x55acda72c940 (12 bytes)
1737412337.279256 sending message 112 to peer 0x55acda72c940 (8 bytes)
1737412337.279258 sending message 112 to peer 0x55acda72c940 (14 bytes)
1737412337.279260 sending message 112 to peer 0x55acda72c940 (9 bytes)
1737412337.279262 sending message 112 to peer 0x55acda72c940 (10 bytes)
1737412337.279264 sending message 112 to peer 0x55acda72c940 (10 bytes)
1737412337.279266 sending message 112 to peer 0x55acda72c940 (10 bytes)
1737412337.279268 sending message 112 to peer 0x55acda72c940 (10 bytes)
1737412337.279270 sending message 112 to peer 0x55acda72c940 (11 bytes)
1737412337.279272 sending message 112 to peer 0x55acda72c940 (10 bytes)
1737412337.279274 sending message 112 to peer 0x55acda72c940 (8 bytes)
1737412337.279276 sending message 112 to peer 0x55acda72c940 (11 bytes)
1737412337.279282 sending message 112 to peer 0x55acda72c940 (11 bytes)
1737412337.279284 sending message 112 to peer 0x55acda72c940 (11 bytes)
1737412337.279286 sending message 112 to peer 0x55acda72c940 (8 bytes)
1737412337.279288 sending message 112 to peer 0x55acda72c940 (8 bytes)
1737412337.279290 sending message 112 to peer 0x55acda72c940 (8 bytes)
1737412337.279292 sending message 112 to peer 0x55acda72c940 (10 bytes)
1737412337.279294 sending message 112 to peer 0x55acda72c940 (10 bytes)
1737412337.279296 sending message 112 to peer 0x55acda72c940 (10 bytes)
1737412337.279298 sending message 112 to peer 0x55acda72c940 (10 bytes)
1737412337.279300 sending message 112 to peer 0x55acda72c940 (10 bytes)
1737412337.279302 sending message 112 to peer 0x55acda72c940 (11 bytes)
1737412337.279304 sending message 112 to peer 0x55acda72c940 (11 bytes)
1737412337.279306 sending message 112 to peer 0x55acda72c940 (10 bytes)
1737412337.279308 sending message 112 to peer 0x55acda72c940 (9 bytes)
1737412337.279310 sending message 112 to peer 0x55acda72c940 (9 bytes)
1737412337.279312 sending message 112 to peer 0x55acda72c940 (12 bytes)
1737412337.279314 sending message 112 to peer 0x55acda72c940 (9 bytes)
1737412337.279316 sending message 112 to peer 0x55acda72c940 (6 bytes)
1737412337.279318 sending message 112 to peer 0x55acda72c940 (8 bytes)
1737412337.279320 sending message 112 to peer 0x55acda72c940 (15 bytes)
1737412337.279322 sending message 112 to peer 0x55acda72c940 (13 bytes)
1737412337.279323 sending message 112 to peer 0x55acda72c940 (16 bytes)
1737412337.279325 sending message 112 to peer 0x55acda72c940 (16 bytes)
1737412337.279327 sending message 112 to peer 0x55acda72c940 (10 bytes)
1737412337.279329 sending message 112 to peer 0x55acda72c940 (8 bytes)
1737412337.279331 sending message 112 to peer 0x55acda72c940 (15 bytes)
1737412337.279333 sending message 112 to peer 0x55acda72c940 (13 bytes)
1737412337.279335 sending message 112 to peer 0x55acda72c940 (10 bytes)
1737412337.279337 sending message 112 to peer 0x55acda72c940 (10 bytes)
1737412337.279339 sending message 112 to peer 0x55acda72c940 (5 bytes)
1737412337.279341 sending message 112 to peer 0x55acda72c940 (15 bytes)
1737412337.279343 sending message 104 to peer 0x55acda72c940 (0 bytes)
1737412337.279346 sending message 110 to peer 0x55acda72c940 (0 bytes)
1737412337.279348 sending message 107 to peer 0x55acda72c940 (4 bytes)
1737412337.279350 sending message 105 to peer 0x55acda72c940 (54 bytes)
1737412337.279352 sending message 105 to peer 0x55acda72c940 (11 bytes)
1737412337.279354 sending message 105 to peer 0x55acda72c940 (20 bytes)
1737412337.279356 sending message 105 to peer 0x55acda72c940 (16 bytes)
1737412337.279358 sending message 105 to peer 0x55acda72c940 (13 bytes)
1737412337.279360 sending message 105 to peer 0x55acda72c940 (8 bytes)
1737412337.279362 sending message 105 to peer 0x55acda72c940 (17 bytes)
1737412337.279364 sending message 105 to peer 0x55acda72c940 (32 bytes)
1737412337.279366 sending message 105 to peer 0x55acda72c940 (1519 bytes)
1737412337.279372 sending message 105 to peer 0x55acda72c940 (20 bytes)
1737412337.279374 sending message 105 to peer 0x55acda72c940 (35 bytes)
1737412337.279376 sending message 105 to peer 0x55acda72c940 (100 bytes)
1737412337.279378 sending message 105 to peer 0x55acda72c940 (11 bytes)
1737412337.279380 sending message 105 to peer 0x55acda72c940 (1452 bytes)
1737412337.279382 sending message 105 to peer 0x55acda72c940 (40 bytes)
1737412337.279384 sending message 105 to peer 0x55acda72c940 (89 bytes)
1737412337.279386 sending message 105 to peer 0x55acda72c940 (19 bytes)
1737412337.279388 sending message 105 to peer 0x55acda72c940 (8 bytes)
1737412337.279390 sending message 105 to peer 0x55acda72c940 (12 bytes)
1737412337.279392 sending message 105 to peer 0x55acda72c940 (18 bytes)
1737412337.279394 sending message 105 to peer 0x55acda72c940 (26 bytes)
1737412337.279396 sending message 105 to peer 0x55acda72c940 (36 bytes)
1737412337.279398 sending message 105 to peer 0x55acda72c940 (13 bytes)
1737412337.279403 sending message 105 to peer 0x55acda72c940 (55 bytes)
1737412337.279405 sending message 105 to peer 0x55acda72c940 (14 bytes)
1737412337.279407 sending message 105 to peer 0x55acda72c940 (26 bytes)
1737412337.279409 sending message 105 to peer 0x55acda72c940 (24 bytes)
1737412337.279411 sending message 105 to peer 0x55acda72c940 (33 bytes)
1737412337.279413 sending message 105 to peer 0x55acda72c940 (29 bytes)
1737412337.279415 sending message 105 to peer 0x55acda72c940 (35 bytes)
1737412337.279417 sending message 105 to peer 0x55acda72c940 (53 bytes)
1737412337.279419 sending message 105 to peer 0x55acda72c940 (48 bytes)
1737412337.279421 sending message 105 to peer 0x55acda72c940 (32 bytes)
1737412337.279423 sending message 105 to peer 0x55acda72c940 (30 bytes)
1737412337.279425 sending message 105 to peer 0x55acda72c940 (16 bytes)
1737412337.279427 sending message 106 to peer 0x55acda72c940 (0 bytes)
1737412337.279430 sending message 200 to peer 0x55acda72c940 (4 bytes)
1737412337.279432 client loop enter
1737412337.279688 peer 0x55acda72c940 message 303
1737412337.279694 open write file 2 -
1737412337.279698 sending message 305 to peer 0x55acda72c940 (8 bytes)
1737412337.279719 write check file 2
1737412337.279785 peer 0x55acda72c940 message 304
1737412337.279789 write 58 to file 2
1737412337.279792 peer 0x55acda72c940 message 203
1737412337.279795 file 2 58 bytes left
1737412337.279813 write check file 2
1737412337.279818 client loop exit
